warning: Git tree '/home/lavender/Nix' is dirty
building the system configuration...
warning: Git tree '/home/lavender/Nix' is dirty
error:
       … while calling the 'head' builtin

         at /nix/store/bwibdavbf6p8lci025h3qmln6laq5x82-source/lib/attrsets.nix:922:11:

          921|         || pred here (elemAt values 1) (head values) then
          922|           head values
             |           ^
          923|         else

       … while evaluating the attribute 'value'

         at /nix/store/bwibdavbf6p8lci025h3qmln6laq5x82-source/lib/modules.nix:807:9:

          806|     in warnDeprecation opt //
          807|       { value = builtins.addErrorContext "while evaluating the option `${showOption loc}':" value;
             |         ^
          808|         inherit (res.defsFinal') highestPrio;

       (stack trace truncated; use '--show-trace' to show the full trace)

       error: attribute 'plasticity' missing

       at /nix/store/1wii4i2zzb2xkgixdbaid0ig3rg6sn6l-source/nixos/configuration.nix:27:7:

           26|     ++ (with pkgs-unstable; [
           27|       pkgs.plasticity
             |       ^
           28|     ]);
